<?xml version="1.0" encoding="UTF-8"?>
<testng-results skipped="0" failed="0" ignored="0" total="2" passed="2">
  <reporter-output>
  </reporter-output>
  <suite name="Suite" duration-ms="19000" started-at="2019-07-23T10:33:00Z" finished-at="2019-07-23T10:33:19Z">
    <groups>
    </groups>
    <test name="Test" duration-ms="19000" started-at="2019-07-23T10:33:00Z" finished-at="2019-07-23T10:33:19Z">
      <class name="TestCases.LogintoPaytm">
        <test-method status="PASS" signature="browser()[pri:0, instance:TestCases.LogintoPaytm@8bd1b6a]" name="browser" is-config="true" duration-ms="12702" started-at="2019-07-23T10:33:00Z" finished-at="2019-07-23T10:33:13Z">
          <reporter-output>
          </reporter-output>
        </test-method> <!-- browser -->
        <test-method status="PASS" signature="login()[pri:1, instance:TestCases.LogintoPaytm@8bd1b6a]" name="login" duration-ms="5605" started-at="2019-07-23T10:33:13Z" finished-at="2019-07-23T10:33:18Z">
          <reporter-output>
          </reporter-output>
        </test-method> <!-- login -->
        <test-method status="PASS" signature="entercreds()[pri:2, instance:TestCases.LogintoPaytm@8bd1b6a]" name="entercreds" duration-ms="645" started-at="2019-07-23T10:33:18Z" finished-at="2019-07-23T10:33:19Z">
          <reporter-output>
          </reporter-output>
        </test-method> <!-- entercreds -->
      </class> <!-- TestCases.LogintoPaytm -->
    </test> <!-- Test -->
  </suite> <!-- Suite -->
</testng-results>
